<?xml version="1.0" encoding="UTF-8"?>
<java version="1.8.0_202" class="java.beans.XMLDecoder">
 <object class="net.etfbl.mdp.zsmdp.model.User">
  <void property="city">
   <string>Banjaluka</string>
  </void>
  <void property="password">
   <string>milica</string>
  </void>
  <void property="username">
   <string>milica</string>
  </void>
 </object>
 <object class="net.etfbl.mdp.zsmdp.model.User">
  <void property="city">
   <string>Trebinje</string>
  </void>
  <void property="password">
   <string>aco</string>
  </void>
  <void property="username">
   <string>aco</string>
  </void>
 </object>
</java>
